0 info it worked if it ends with ok
1 verbose cli [ 'node',
1 verbose cli   '/usr/local/bin/npm',
1 verbose cli   'install',
1 verbose cli   '--save-dev',
1 verbose cli   'grunt-contrib-jekyll' ]
2 info using npm@1.4.28
3 info using node@v0.10.32
4 warn package.json ig-marketing-site@0.1.0 No description
5 warn package.json ig-marketing-site@0.1.0 No repository field.
6 warn package.json ig-marketing-site@0.1.0 No README data
7 verbose readDependencies using package.json deps
8 verbose cache add [ 'grunt-contrib-jekyll', null ]
9 verbose cache add name=undefined spec="grunt-contrib-jekyll" args=["grunt-contrib-jekyll",null]
10 verbose parsed url { protocol: null,
10 verbose parsed url   slashes: null,
10 verbose parsed url   auth: null,
10 verbose parsed url   host: null,
10 verbose parsed url   port: null,
10 verbose parsed url   hostname: null,
10 verbose parsed url   hash: null,
10 verbose parsed url   search: null,
10 verbose parsed url   query: null,
10 verbose parsed url   pathname: 'grunt-contrib-jekyll',
10 verbose parsed url   path: 'grunt-contrib-jekyll',
10 verbose parsed url   href: 'grunt-contrib-jekyll' }
11 silly lockFile 1ff15450-grunt-contrib-jekyll grunt-contrib-jekyll
12 verbose lock grunt-contrib-jekyll /Users/development/.npm/1ff15450-grunt-contrib-jekyll.lock
13 silly lockFile 1ff15450-grunt-contrib-jekyll grunt-contrib-jekyll
14 silly lockFile 1ff15450-grunt-contrib-jekyll grunt-contrib-jekyll
15 verbose addNamed [ 'grunt-contrib-jekyll', '' ]
16 verbose addNamed [ null, '*' ]
17 silly lockFile 1d8eb70f-grunt-contrib-jekyll grunt-contrib-jekyll@
18 verbose lock grunt-contrib-jekyll@ /Users/development/.npm/1d8eb70f-grunt-contrib-jekyll.lock
19 silly addNameRange { name: 'grunt-contrib-jekyll', range: '*', hasData: false }
20 verbose request where is /grunt-contrib-jekyll
21 verbose request registry https://registry.npmjs.org/
22 verbose request id 6a1d31b07f97a99d
23 verbose url raw /grunt-contrib-jekyll
24 verbose url resolving [ 'https://registry.npmjs.org/', './grunt-contrib-jekyll' ]
25 verbose url resolved https://registry.npmjs.org/grunt-contrib-jekyll
26 verbose request where is https://registry.npmjs.org/grunt-contrib-jekyll
27 info trying registry request attempt 1 at 12:29:29
28 http GET https://registry.npmjs.org/grunt-contrib-jekyll
29 http 404 https://registry.npmjs.org/grunt-contrib-jekyll
30 verbose headers { date: 'Thu, 09 Oct 2014 19:29:25 GMT',
30 verbose headers   server: 'CouchDB/1.5.0 (Erlang OTP/R16B03)',
30 verbose headers   'content-type': 'application/json',
30 verbose headers   'cache-control': 'max-age=0',
30 verbose headers   'content-length': '52',
30 verbose headers   'accept-ranges': 'bytes',
30 verbose headers   via: '1.1 varnish',
30 verbose headers   age: '0',
30 verbose headers   'x-served-by': 'cache-lax1423-LAX',
30 verbose headers   'x-cache': 'MISS',
30 verbose headers   'x-cache-hits': '0',
30 verbose headers   'x-timer': 'S1412882965.427881,VS0,VE43',
30 verbose headers   'keep-alive': 'timeout=10, max=50',
30 verbose headers   connection: 'Keep-Alive' }
31 silly registry.get cb [ 404,
31 silly registry.get   { date: 'Thu, 09 Oct 2014 19:29:25 GMT',
31 silly registry.get     server: 'CouchDB/1.5.0 (Erlang OTP/R16B03)',
31 silly registry.get     'content-type': 'application/json',
31 silly registry.get     'cache-control': 'max-age=0',
31 silly registry.get     'content-length': '52',
31 silly registry.get     'accept-ranges': 'bytes',
31 silly registry.get     via: '1.1 varnish',
31 silly registry.get     age: '0',
31 silly registry.get     'x-served-by': 'cache-lax1423-LAX',
31 silly registry.get     'x-cache': 'MISS',
31 silly registry.get     'x-cache-hits': '0',
31 silly registry.get     'x-timer': 'S1412882965.427881,VS0,VE43',
31 silly registry.get     'keep-alive': 'timeout=10, max=50',
31 silly registry.get     connection: 'Keep-Alive' } ]
32 silly lockFile 1d8eb70f-grunt-contrib-jekyll grunt-contrib-jekyll@
33 silly lockFile 1d8eb70f-grunt-contrib-jekyll grunt-contrib-jekyll@
34 error 404 404 Not Found: grunt-contrib-jekyll
34 error 404
34 error 404 'grunt-contrib-jekyll' is not in the npm registry.
34 error 404 You should bug the author to publish it
34 error 404 It was specified as a dependency of 'ig-marketing-site'
34 error 404
34 error 404 Note that you can also install from a
34 error 404 tarball, folder, or http url, or git url.
35 error System Darwin 13.4.0
36 error command "node" "/usr/local/bin/npm" "install" "--save-dev" "grunt-contrib-jekyll"
37 error cwd /Users/development/Desktop/igdesign.github.io
38 error node -v v0.10.32
39 error npm -v 1.4.28
40 error code E404
41 verbose exit [ 1, true ]
